1c7f940e094aec6b5109c63c5063899d|Matt Poole|feature/BSD-3-local-env|Thu Nov 30 20:18:27 EST 2023|./composer.sh require drupal/core-dev --dev --ansi
78f1ca1ad2cd9c88daee33ce581feb50|Matt Poole|feature/BSD-3-local-env|Thu Nov 30 20:54:33 EST 2023|./composer.sh require mattsqd/robovalidate:@alpha platformsh/config-reader drupal/admin_toolbar drupal/devel drupal/disable_user_1_edit drupal/menu_admin_per_menu drupal/redis drupal/role_delegation drupal/search_api_solr drupal/twig_tweak drupal/twig_field_value --ansi
3d2ee137dc6ce9a00c99806a365cd159|Buddy Harlow|develop|Wed Dec  6 14:27:48 UTC 2023|./composer.sh require drupal/paragraphs:^1.2
a63449fcce1213de3c590678ddc1bd17|Buddy Harlow|feature/BSD-12-scaffold-drupal-theme|Tue Dec 12 14:14:17 EST 2023|./composer.sh
a42621d48ea57cbb2f91c3b9d8b27ee2|Matt Poole|feature/BSD-58-reuse-section-for-wrapper|Mon Jan 29 16:40:12 EST 2024|./composer.sh require cweagans/composer-patches
65de35fce0fecb7d5ada406734759296|Matt Poole|feature/BSD-58-reuse-section-for-wrapper|Mon Jan 29 16:40:12 EST 2024|./composer.sh update --lock
c40b2c85e6e96b0e5de8aa649eb6477d|Matt Poole|feature/BSD-16-footer-refinements|Fri Mar  1 15:21:03 EST 2024|./composer.sh require drupal/imagecache_external:^3.0
f996e536d04232a5a8b1c61a6563d846|Buddy Harlow|feature/BSD-103-install-chosen-module|Fri Mar 15 11:03:26 UTC 2024|./composer.sh require drupal/chosen:^4.0
927e55f6845342cbcbf351c3a91af45e|Matt Poole|feature/BSD-103-install-chosen-module|Mon Mar 18 15:48:01 EDT 2024|./composer.sh require jjj/chosen:2.2.1
c526c01ae049ec54dc350a91c25bd44b|Buddy Harlow|feature/BSD-109-update-composer-dependencies|Mon Mar 18 20:07:03 UTC 2024|./composer.sh update
f9425f233605ab54f451c3e173731a1c|Buddy Harlow|feature/BSD-116-unpublish-bixaler-fix|Tue Apr  9 14:46:18 UTC 2024|./composer.sh require drupal/override_node_options:^2.7
5d47a217007220b7388ce666b3df7f8e|Buddy Harlow|feature/BSD-116-unpublish-bixaler-fix|Tue Apr  9 14:56:30 UTC 2024|./composer.sh require drupal/view_unpublished:^1.2
26995193934405a77347fadc2f29ba8a|Buddy Harlow|feature/BSD-117-bixaler-term-reference-fields|Tue Apr 16 10:40:07 EDT 2024|./composer.sh require drupal/autocomplete_deluxe:^2.0
4c4931b36a7429438dc8eec2abaa62a3|Buddy Harlow|feature/BSD-135-un-to-email-only|Fri Apr 26 15:53:11 UTC 2024|./composer.sh require drupal/email_username:^1.0
612fe8c317fd0a36956057c0c7f43be9|Matt Poole|feature/BSD-54-contact-us|Wed May 22 16:02:26 EDT 2024|./composer.sh require drupal/config_ignore
a7440aada8f7b46ac3f0b5e5f45c920d|Matt Poole|feature/BSD-54-contact-us|Wed May 22 16:03:09 EDT 2024|./composer.sh require drupal/maillog:^1.1
ef9c0f52e4d59852433286b00a58a0c6|Matt Poole|develop|Wed May 22 16:33:35 EDT 2024|./composer.sh require drupal/google_tag:^2.0
c08caca79ae3cd1ff3fa5e6be76a6110|Matt Poole|feature/BSD-145-update-drupal|Wed May 22 16:41:05 EDT 2024|./composer.sh update
cc0af3e152142acc0d91d54c0a016f58|Matt Poole|feature/BSD-153-recaptcha|Thu May 23 11:15:31 EDT 2024|./composer.sh require drupal/recaptcha:^3.2
a07c6ffd542393a563081245f0a82062|Matt Poole|feature/BSD-170-multiple-teams|Mon Jun 17 12:57:48 EDT 2024|./composer.sh update
3817a7f20006b2ad0a5a4443550a7c05|Matt Poole|develop|Tue Jul  9 13:01:51 EDT 2024|./composer.sh remove mpbixal/*
17ff33d6e889d158d4e8a598b248f825|Matt Poole|develop|Mon Jul  8 16:42:45 EDT 2024|./composer.sh require mattsqd/drupal-env:dev-main
2db0b37137c8af2bf9de9987ce08983b|Matt Poole|develop|Mon Jul  8 16:44:38 EDT 2024|./composer.sh require mattsqd/drupal-env-lando:dev-main --ansi
647fcec042da8e95f14a2f835084105c|Matt Poole|develop|Tue Jul  9 17:06:15 UTC 2024|./composer.sh update --lock
0c3038ed9c2f5c7d4bb4846d2d32e8b8|Matt Poole|feature/BSD-224-update-deps|Wed Jul 10 10:01:18 EDT 2024|./composer.sh update
7ae85f8777c3973e7be9f868311897a4|Matt Poole|feature/BSD-228-webprofiler|Wed Jul 17 09:11:13 EDT 2024|./composer.sh require drupal/webprofiler:^10.1
59efa57bc5d5494abeff0537a8d5e393|Matt Poole|feature/BSD-228-webprofiler|Wed Jul 17 09:22:01 EDT 2024|./composer.sh require drupal/config_split
cbfd7291b5369ebb261b39f6d883576c|Matt Poole|feature/BSD-212-smpt-enable|Tue Jul 23 15:00:40 EDT 2024|./composer.sh require drupal/key
c545f0e3b52f58e9f57fe4c455ecfbe3|Matt Poole|feature/BSD-212-smpt-enable|Tue Jul 23 15:00:49 EDT 2024|./composer.sh require drupal/phpmailer_smtp
dda1c9f0dcf896a188fa10dc05351af1|Matt Poole|feature/BSD-212-smpt-enable|Tue Jul 23 15:01:00 EDT 2024|./composer.sh require drupal/mailsystem
d0b264b8bfd2f16b57808145e6c7b950|Matt Poole|feature/BSD-212-smpt-enable|Tue Jul 23 15:01:26 EDT 2024|./composer.sh require drupal/maillog:1.x-dev@dev
1cc6d6789783135d19582c52d712125d|Buddy Harlow|feature/BSD-244-blog-images-marked-decorative|Wed Jul 31 14:36:44 EDT 2024|./composer.sh require drupal/decorative_image_widget
4d4eeea0afa18c0874d2696e7ccf9b64|Matt Poole|feature/BSD-244-blog-images-marked-decorative|Wed Jul 31 14:45:51 EDT 2024|./composer.sh require drupal/media_library_edit:^3.0
3257dd27ca54b3c2e8ec96a100874f2a|Matt Poole|feature/BSD-254-update-deps|Wed Jul 31 15:09:47 EDT 2024|./composer.sh update
59d81fa4a3cb5b4021dd9824956e194c|Matt Poole|feature/BSD-271-validation-action|Tue Aug  6 13:13:48 EDT 2024|./composer.sh update mattsqd/robovalidate
8a08b6d45145b305c16131bd11430688|Matt Poole|feature/BSD-278-update-deps|Thu Aug 15 12:05:25 EDT 2024|./composer.sh update
bb805ef6ca0a258d1c8306f0b36fafec|Matt Poole|feature/BSD-287-update-deps|Wed Sep  4 10:41:04 EDT 2024|./composer.sh update
30ef2bb0122b978360bda4a19c3c9b00|Matt Poole|feature/BSD-284-gdpr-compliance|Wed Sep  4 16:48:48 EDT 2024|./composer.sh require drupal/cookies
45572e7bbb597f5c3740a8c9063c9496|Matt Poole|feature/BSD-284-gdpr-compliance|Wed Sep  4 16:48:59 EDT 2024|./composer.sh require drupal/anchor_link:^3.0@beta
a64a80ee97032a4a2898228866cf865f|Matt Poole|feature/BSD-284-gdpr-compliance|Wed Sep  4 16:49:08 EDT 2024|./composer.sh require northernco/ckeditor5-anchor-drupal
e854b19c73ce4a93589f51c9e10dfd5c|Matt Poole|feature/BSD-300-update-deps|Tue Sep 24 13:02:32 EDT 2024|./composer.sh update
